<?xml version="1.0" encoding="UTF-8"?>
<!-- Generated by org.testng.reporters.JUnitReportReporter -->
<testsuite hostname="Nadora" failures="0" tests="2" name="com.QaQart.TestCases.ToDoTest" time="6.993" errors="0" timestamp="2023-03-26T11:24:48 EET" skipped="1">
  <testcase classname="com.QaQart.TestCases.ToDoTest" name="shouldBeableToAddToDo" time="6.993"/>
  <system-out/>
  <testcase classname="com.QaQart.TestCases.ToDoTest" name="shouldBeableTodeleteToDo">
    <skipped/>
  </testcase> <!-- shouldBeableTodeleteToDo -->
  <system-out/>
</testsuite> <!-- com.QaQart.TestCases.ToDoTest -->
